C51 COMPILER V9.60.7.0   MAIN                                                              06/26/2024 13:11:49 PAGE 1   


C51 COMPILER V9.60.7.0, COMPILATION OF MODULE MAIN
OBJECT MODULE PLACED IN .\Objects\main.obj
COMPILER INVOKED BY: D:\C51\C\C51\BIN\C51.EXE main.c OPTIMIZE(8,SPEED) BROWSE DEBUG OBJECTEXTEND PRINT(.\Listings\main.l
                    -st) OBJECT(.\Objects\main.obj)

line level    source

   1          #include <REGX52.H>
   2          #include "Timer.h"
   3          #include "Delay.h"
   4          
   5          
   6          sbit PMW = P1^0;
   7          sbit Servo1 = P1^5;
   8          sbit Servo2 = P1^6;
   9          
  10          unsigned int count;
  11          
  12          void ServoInit()
  13          {
  14   1              count = 0;
  15   1              Delay(1000);
  16   1              count = 4;
  17   1              Delay(1000);
  18   1              count = 0;
  19   1              Delay(1000);
  20   1              count = 2;
  21   1              Delay(1000);
  22   1      }
  23          
  24          
  25          void main()
  26          {
  27   1      
  28   1              Timer0Init();
  29   1              ServoInit();
  30   1              Servo1 = 1;
  31   1              Servo2 = 1;
  32   1              while (1)
  33   1              {
  34   2                      if(count == 5)
  35   2                      {
  36   3                              count = 4;
  37   3                      }
  38   2                      if(P1_1 == 0)    // Key 1, 1 hit for 45 degree
  39   2                      {       
  40   3                              Delay(20);
  41   3                              while(P1_1 == 0)
  42   3                              {
  43   4                              }
  44   3                              Delay(20);
  45   3                              count++;
  46   3                      }
  47   2                      else if(P1_4 == 0)      // Key 4, 1 hit for 45 degree back
  48   2                      {
  49   3                              Delay(20);
  50   3                              while(P1_4 == 0)
  51   3                              {
  52   4                              }
  53   3                              Delay(20);
  54   3                              if(count > 0)
C51 COMPILER V9.60.7.0   MAIN                                                              06/26/2024 13:11:49 PAGE 2   

  55   3                              {
  56   4                                      count--;
  57   4                              }
  58   3                      }
  59   2                      else if(P1_3 == 0)      // key 2, hit reset to 0 degrees
  60   2                      {
  61   3                              Delay(20);
  62   3                              while(P1_3 == 0)
  63   3                              {
  64   4                              }
  65   3                              Delay(20);
  66   3                              count = 0;
  67   3                      }
  68   2                      else if(P1_2 == 0)      // key 3, hit reset to 180 degrees
  69   2                      {
  70   3                              Delay(20);
  71   3                              while(P1_2 == 0)
  72   3                              {
  73   4                              }
  74   3                              Delay(20);
  75   3                              count = 4;
  76   3                      }
  77   2      
  78   2              }
  79   1      }
  80          
  81          void Timer0_Routine(void) interrupt 1
  82          {
  83   1              static unsigned int T0count = 0;
  84   1              TL0 = 0x0C; // 设置定时初值
  85   1              TH0 = 0xFE; // 设置定时初值
  86   1              if (T0count <= 40)
  87   1              {
  88   2                      if (T0count <= count)
  89   2                      {
  90   3                              PMW = 1;
  91   3                      }
  92   2                      else
  93   2                      {
  94   3                              PMW = 0;
  95   3                      }
  96   2              }
  97   1              else
  98   1              {
  99   2                      T0count = 0;
 100   2                      PMW = 1;
 101   2              }
 102   1              T0count++;
 103   1      }


MODULE INFORMATION:   STATIC OVERLAYABLE
   CODE SIZE        =    260    ----
   CONSTANT SIZE    =   ----    ----
   XDATA SIZE       =   ----    ----
   PDATA SIZE       =   ----    ----
   DATA SIZE        =      4    ----
   IDATA SIZE       =   ----    ----
   BIT SIZE         =   ----    ----
END OF MODULE INFORMATION.


C51 COMPILATION COMPLETE.  0 WARNING(S),  0 ERROR(S)
