C51 COMPILER V9.60.7.0   TIMER                                                             06/26/2024 13:11:49 PAGE 1   


C51 COMPILER V9.60.7.0, COMPILATION OF MODULE TIMER
OBJECT MODULE PLACED IN .\Objects\Timer.obj
COMPILER INVOKED BY: D:\C51\C\C51\BIN\C51.EXE Timer.c OPTIMIZE(8,SPEED) BROWSE DEBUG OBJECTEXTEND PRINT(.\Listings\Timer
                    -.lst) OBJECT(.\Objects\Timer.obj)

line level    source

   1          #include <REGX51.H>
   2          
   3          void Timer0Init(void)           //.5毫秒@12.000MHz
   4          {
   5   1              // AUXR &= 0x7F;                //定时器时钟12T模式
   6   1              TMOD &= 0xF0;           //设置定时器模式
   7   1              TMOD |= 0x01;           //设置定时器模式
   8   1              TL0 = 0x0C;             //设置定时初值
   9   1              TH0 = 0xFE;             //设置定时初值
  10   1              TF0 = 0;                //清除TF0标志
  11   1              TR0 = 1;                //定时器0开始计时
  12   1              
  13   1              ET0 = 1;                        //允许中断
  14   1              EA = 1;                         //允许总中断
  15   1              PT0 = 0;                        //优先级为0
  16   1      }


MODULE INFORMATION:   STATIC OVERLAYABLE
   CODE SIZE        =     23    ----
   CONSTANT SIZE    =   ----    ----
   XDATA SIZE       =   ----    ----
   PDATA SIZE       =   ----    ----
   DATA SIZE        =   ----    ----
   IDATA SIZE       =   ----    ----
   BIT SIZE         =   ----    ----
END OF MODULE INFORMATION.


C51 COMPILATION COMPLETE.  0 WARNING(S),  0 ERROR(S)
